<?xml version="1.0" encoding="UTF-8"?>
<testng-results skipped="0" failed="0" ignored="0" total="3" passed="3">
  <reporter-output>
  </reporter-output>
  <suite name="Suite" duration-ms="37145" started-at="2023-03-06T03:28:24 BDT" finished-at="2023-03-06T03:29:01 BDT">
    <groups>
      <group name="cucumber">
        <method signature="AbstractTestNGCucumberTests.runScenario(io.cucumber.testng.PickleWrapper, io.cucumber.testng.FeatureWrapper)[pri:0, instance:TestRunner.XYZBank.XYZBankTestRunner@333291e3]" name="runScenario" class="io.cucumber.testng.AbstractTestNGCucumberTests"/>
      </group> <!-- cucumber -->
    </groups>
    <test name="cucumber" duration-ms="37145" started-at="2023-03-06T03:28:24 BDT" finished-at="2023-03-06T03:29:01 BDT">
      <class name="TestRunner.XYZBank.XYZBankTestRunner">
        <test-method status="PASS" signature="setUpClass()[pri:0, instance:TestRunner.XYZBank.XYZBankTestRunner@333291e3]" name="setUpClass" is-config="true" duration-ms="1213" started-at="2023-03-06T03:28:24 BDT" finished-at="2023-03-06T03:28:25 BDT">
          <reporter-output>
          </reporter-output>
        </test-method> <!-- setUpClass -->
        <test-method status="PASS" signature="runScenario(io.cucumber.testng.PickleWrapper, io.cucumber.testng.FeatureWrapper)[pri:0, instance:TestRunner.XYZBank.XYZBankTestRunner@333291e3]" name="runScenario" duration-ms="17291" started-at="2023-03-06T03:28:25 BDT" description="Runs Cucumber Scenarios" data-provider="scenarios" finished-at="2023-03-06T03:28:43 BDT">
          <params>
            <param index="0">
              <value>
                <![CDATA["Manager adds a customer"]]>
              </value>
            </param>
            <param index="1">
              <value>
                <![CDATA["Optional[Bank Manager Login (addCustomer)]"]]>
              </value>
            </param>
          </params>
          <reporter-output>
          </reporter-output>
        </test-method> <!-- runScenario -->
        <test-method status="PASS" signature="runScenario(io.cucumber.testng.PickleWrapper, io.cucumber.testng.FeatureWrapper)[pri:0, instance:TestRunner.XYZBank.XYZBankTestRunner@333291e3]" name="runScenario" duration-ms="8929" started-at="2023-03-06T03:28:43 BDT" description="Runs Cucumber Scenarios" data-provider="scenarios" finished-at="2023-03-06T03:28:52 BDT">
          <params>
            <param index="0">
              <value>
                <![CDATA["Manager opens an account by linking newly created customer"]]>
              </value>
            </param>
            <param index="1">
              <value>
                <![CDATA["Optional[Bank Manager Login (openAccount)]"]]>
              </value>
            </param>
          </params>
          <reporter-output>
          </reporter-output>
        </test-method> <!-- runScenario -->
        <test-method status="PASS" signature="runScenario(io.cucumber.testng.PickleWrapper, io.cucumber.testng.FeatureWrapper)[pri:0, instance:TestRunner.XYZBank.XYZBankTestRunner@333291e3]" name="runScenario" duration-ms="9619" started-at="2023-03-06T03:28:52 BDT" description="Runs Cucumber Scenarios" data-provider="scenarios" finished-at="2023-03-06T03:29:01 BDT">
          <params>
            <param index="0">
              <value>
                <![CDATA["Manager deletes the new customer"]]>
              </value>
            </param>
            <param index="1">
              <value>
                <![CDATA["Optional[Bank Manager Login (deleteCustomer)]"]]>
              </value>
            </param>
          </params>
          <reporter-output>
          </reporter-output>
        </test-method> <!-- runScenario -->
        <test-method status="PASS" signature="tearDownClass()[pri:0, instance:TestRunner.XYZBank.XYZBankTestRunner@333291e3]" name="tearDownClass" is-config="true" duration-ms="46" started-at="2023-03-06T03:29:01 BDT" finished-at="2023-03-06T03:29:01 BDT">
          <reporter-output>
          </reporter-output>
        </test-method> <!-- tearDownClass -->
      </class> <!-- TestRunner.XYZBank.XYZBankTestRunner -->
    </test> <!-- cucumber -->
  </suite> <!-- Suite -->
</testng-results>
